Arguments: 
  /home/danial/.nvm/versions/node/v10.19.0/bin/node /usr/share/yarn/bin/yarn.js test

PATH: 
  /home/danial/.nvm/versions/node/v10.19.0/bin:/home/danial/.nix-profile/bin:/home/danial/.nix-profile/bin:/usr/local/sbin:/usr/local/bin:/usr/sbin:/usr/bin:/sbin:/bin:/usr/games:/usr/local/games:/snap/bin:/home/danial/gocode/bin:/home/danial/gocode/bin

Yarn version: 
  1.22.5

Node version: 
  10.19.0

Platform: 
  linux x64

Trace: 
  SyntaxError: /home/danial/Desktop/XORD_Internship/Token_Exchange_Project/package.json: Unexpected token } in JSON at position 265
      at JSON.parse (<anonymous>)
      at /usr/share/yarn/lib/cli.js:1625:59
      at Generator.next (<anonymous>)
      at step (/usr/share/yarn/lib/cli.js:310:30)
      at /usr/share/yarn/lib/cli.js:321:13

npm manifest: 
  {
    "name": "token_exchange_project",
    "version": "1.0.0",
    "description": "",
    "main": "networks.js",
    "scripts": {
      "build": "waffle",
      "test": "export NODE_ENV=test && mocha",
      "clean": "rimraf ./build/",
      "compile": "waffle waffle.json",
      
    },
    "author": "",
    "license": "ISC",
    "dependencies": {
      "@openzeppelin/cli": "^2.8.2",
      "rimraf": "^3.0.2",
      "typescript": "^4.0.3"
    },
    "devDependencies": {
      "@types/chai": "^4.2.12",
      "@types/mocha": "^8.0.3",
      "chai": "^4.2.0",
      "ethereum-waffle": "^3.1.1",
      "husky": "^4.3.0",
      "mocha": "^8.1.3",
      "ts-node": "^9.0.0"
    }
  }

yarn manifest: 
  No manifest

Lockfile: 
  No lockfile
